GAS LISTING 106-strpbrk.s 			page 1


 GNU assembler version 2.24 (x86_64-linux-gnu)
	 using BFD version (GNU Binutils for Ubuntu) 2.24.
 options passed	: -g -aghls=listing/106-strpbrk.lst 
 input file    	: 106-strpbrk.s
 output file   	: 106-strpbrk.o
 target        	: x86_64-pc-linux-gnu
 time stamp    	: 2017-11-20T16:42:36.000-0800

GAS LISTING 106-strpbrk.s 			page 2


   1              		/*
   2              		 * asm_strpbrk - clone of function strpbrk
   3              		 *
   4              		 * Description:	search a string for any of a set of bytes
   5              		 *
   6              		 * C Prototype: char *asm_strpbrk(const char *s, const char *accept);
   7              		 * @s: a pointer to a string
   8              		 * @accept: a pointer to a substring
   9              		 * Return: a pointer to the byte in @s that matches one of the bytes
  10              		 * in @accept, or NULL if no such byte is found.
  11              		 */
  12              	
  13              		.text
  14              		.globl asm_strpbrk
  15              	
  16              	asm_strpbrk:
  17 0000 55       		pushq %rbp
  18 0001 4889E5   		movq %rsp, %rbp
  19 0004 53       		pushq %rbx
  20 0005 51       		pushq %rcx
  21 0006 678D07   		leal (%edi), %eax
  22              	
  23              	loop:
  24 0009 670FB618 		movzbl (%eax), %ebx
  25 000d 84DB     		testb %bl, %bl
  26 000f 7417     		jz notfound
  27 0011 31C9     		xorl %ecx, %ecx
  28 0013 670FB614 	iloop:	movzbl (%esi, %ecx), %edx
  28      0E
  29 0018 84D2     		testb %dl, %dl
  30 001a 7408     		jz outter
  31 001c FFC1     		incl %ecx
  32 001e 38DA     		cmpb %bl, %dl
  33 0020 7408     		jz end
  34 0022 EBEF     		jmp iloop
  35 0024 FFC0     	outter:	incl %eax
  36 0026 EBE1     		jmp loop
  37              	
  38              	notfound:
  39 0028 31C0     		xorl %eax, %eax
  40 002a 59       	end:	popq %rcx
  41 002b 5B       		popq %rbx
  42 002c 4889EC   		movq %rbp, %rsp
  43 002f 5D       		popq %rbp
  44 0030 C3       		retq
  45              	
GAS LISTING 106-strpbrk.s 			page 3


DEFINED SYMBOLS
       106-strpbrk.s:16     .text:0000000000000000 asm_strpbrk
       106-strpbrk.s:23     .text:0000000000000009 loop
       106-strpbrk.s:38     .text:0000000000000028 notfound
       106-strpbrk.s:28     .text:0000000000000013 iloop
       106-strpbrk.s:35     .text:0000000000000024 outter
       106-strpbrk.s:40     .text:000000000000002a end

NO UNDEFINED SYMBOLS
